<?xml version="1.0" encoding="UTF-8"?>
<testsuite xmlns:xsi="http://www.w3.org/2001/XMLSchema-instance" xsi:noNamespaceSchemaLocation="https://maven.apache.org/surefire/maven-surefire-plugin/xsd/surefire-test-report-3.0.xsd" version="3.0" name="com.cognizant.Exercise4_AAAPatternTest" time="0.024" tests="5" errors="0" skipped="0" failures="0">
  <properties>
[...]
</properties>
  <testcase name="testWithdrawal_AAA" classname="com.cognizant.Exercise4_AAAPatternTest" time="0.009">
    <system-out><![CDATA[=== Starting BankAccount Tests ===

--- Setting up test ---
--- Test complete. Balance: 7000.0 ---

]]></system-out>
  </testcase>
  <testcase name="testAccountDetails_AAA" classname="com.cognizant.Exercise4_AAAPatternTest" time="0.001">
    <system-out><![CDATA[--- Setting up test ---
--- Test complete. Balance: 10000.0 ---

]]></system-out>
  </testcase>
  <testcase name="testNegativeDepositThrowsException_AAA" classname="com.cognizant.Exercise4_AAAPatternTest" time="0.002">
    <system-out><![CDATA[--- Setting up test ---
--- Test complete. Balance: 10000.0 ---

]]></system-out>
  </testcase>
  <testcase name="testDeposit_AAA" classname="com.cognizant.Exercise4_AAAPatternTest" time="0.001">
    <system-out><![CDATA[--- Setting up test ---
--- Test complete. Balance: 15000.0 ---

]]></system-out>
  </testcase>
  <testcase name="testOverdraftThrowsException_AAA" classname="com.cognizant.Exercise4_AAAPatternTest" time="0.002">
    <system-out><![CDATA[--- Setting up test ---
--- Test complete. Balance: 10000.0 ---

]]></system-out>
  </testcase>
</testsuite>